Using pre-set license
Built from '2020.2/release' branch; Version is '2020.2.1f1 (270dd8c3da1c) revision 2559448'; Using compiler version '192528614'; Build Type 'Release'
OS: 'Windows 10  (10.0.0) 64bit' Language: 'en' Physical Memory: 16337 MB
BatchMode: 1, IsHumanControllingUs: 0, StartBugReporterOnCrash: 0, Is64bit: 1, IsPro: 0

 COMMAND LINE ARGUMENTS:
C:\Program Files\Unity\Hub\Editor\2020.2.1f1\Editor\Unity.exe
-adb2
-batchMode
-noUpm
-name
AssetImportWorker2
-projectPath
C:/Users/khalil/Desktop/CannulaTracker-Checkpointing
-logFile
Logs/AssetImportWorker2.log
-srvPort
59980
Successfully changed project path to: C:/Users/khalil/Desktop/CannulaTracker-Checkpointing
C:/Users/khalil/Desktop/CannulaTracker-Checkpointing
Using Asset Import Pipeline V2.
Refreshing native plugins compatible for Editor in 55.29 ms, found 0 plugins.
Preloading 0 native plugins for Editor in 0.00 ms.
Initialize engine version: 2020.2.1f1 (270dd8c3da1c)
[Subsystems] Discovering subsystems at path C:/Program Files/Unity/Hub/Editor/2020.2.1f1/Editor/Data/Resources/UnitySubsystems
[Subsystems] Discovering subsystems at path C:/Users/khalil/Desktop/CannulaTracker-Checkpointing/Assets
GfxDevice: creating device client; threaded=0
Direct3D:
    Version:  Direct3D 11.0 [level 11.1]
    Renderer: NVIDIA GeForce GTX 1060 6GB (ID=0x1c03)
    Vendor:   
    VRAM:     6052 MB
    Driver:   27.21.14.6109
Initialize mono
Mono path[0] = 'C:/Program Files/Unity/Hub/Editor/2020.2.1f1/Editor/Data/Managed'
Mono path[1] = 'C:/Program Files/Unity/Hub/Editor/2020.2.1f1/Editor/Data/MonoBleedingEdge/lib/mono/unityjit'
Mono config path = 'C:/Program Files/Unity/Hub/Editor/2020.2.1f1/Editor/Data/MonoBleedingEdge/etc'
Using monoOptions --debugger-agent=transport=dt_socket,embedding=1,server=y,suspend=n,address=127.0.0.1:56268
Begin MonoManager ReloadAssembly
Registering precompiled unity dll's ...
Register platform support module: C:/Program Files/Unity/Hub/Editor/2020.2.1f1/Editor/Data/PlaybackEngines/WindowsStandaloneSupport/UnityEditor.WindowsStandalone.Extensions.dll
Registered in 0.001579 seconds.
Native extension for WindowsStandalone target not found
Refreshing native plugins compatible for Editor in 72.88 ms, found 0 plugins.
Preloading 0 native plugins for Editor in 0.00 ms.
Invoked RoslynAnalysisRunner static constructor.
RoslynAnalysisRunner will not be running.
RoslynAnalysisRunner has terminated.
Mono: successfully reloaded assembly
- Completed reload, in  0.843 seconds
Platform modules already initialized, skipping
Registering precompiled user dll's ...
Registered in 0.001342 seconds.
Begin MonoManager ReloadAssembly
Native extension for WindowsStandalone target not found
Refreshing native plugins compatible for Editor in 56.81 ms, found 0 plugins.
Preloading 0 native plugins for Editor in 0.00 ms.
Invoked RoslynAnalysisRunner static constructor.
RoslynAnalysisRunner will not be running.
RoslynAnalysisRunner has terminated.
Mono: successfully reloaded assembly
- Completed reload, in  7.043 seconds
Platform modules already initialized, skipping
========================================================================
Worker process is ready to serve import requests
Launched and connected shader compiler UnityShaderCompiler.exe after 0.20 seconds
Refreshing native plugins compatible for Editor in 0.62 ms, found 0 plugins.
Preloading 0 native plugins for Editor in 0.00 ms.
Unloading 3455 Unused Serialized files (Serialized files now loaded: 0)
System memory in use before: 168.8 MB.
System memory in use after: 166.1 MB.

Unloading 44 unused Assets to reduce memory usage. Loaded Objects now: 3881.
Total: 3.949500 ms (FindLiveObjects: 0.386400 ms CreateObjectMapping: 0.206100 ms MarkObjects: 1.687100 ms  DeleteObjects: 1.669200 ms)

========================================================================
Received Import Request.
  path: Assets/2 - Scripts/CannulaMovement.cs
  artifactKey: Guid(ac7de8d56b0151142b4c4e9df97cd7ec) Importer(815301076,1909f56bfc062723c751e8b465ee728b)
Start importing Assets/2 - Scripts/CannulaMovement.cs using Guid(ac7de8d56b0151142b4c4e9df97cd7ec) Importer(815301076,1909f56bfc062723c751e8b465ee728b)  -> (artifact id: '1219bd9acea6ae779c12577c7aa92cdb') in 0.044051 seconds
  Import took 0.048766 seconds .

========================================================================
Received Import Request.
  Time since last request: 381.766781 seconds.
  path: Assets/2 - Scripts/CannulaMovement.cs
  artifactKey: Guid(ac7de8d56b0151142b4c4e9df97cd7ec) Importer(815301076,1909f56bfc062723c751e8b465ee728b)
Start importing Assets/2 - Scripts/CannulaMovement.cs using Guid(ac7de8d56b0151142b4c4e9df97cd7ec) Importer(815301076,1909f56bfc062723c751e8b465ee728b)  -> (artifact id: 'bba0a908514ac1b216ded9f438174f49') in 0.003533 seconds
  Import took 0.009134 seconds .

========================================================================
Received Import Request.
  Time since last request: 0.002267 seconds.
  path: Assets/2 - Scripts/CannulaMovement.cs
  artifactKey: Guid(ac7de8d56b0151142b4c4e9df97cd7ec) Importer(815301076,1909f56bfc062723c751e8b465ee728b)
Start importing Assets/2 - Scripts/CannulaMovement.cs using Guid(ac7de8d56b0151142b4c4e9df97cd7ec) Importer(815301076,1909f56bfc062723c751e8b465ee728b)  -> (artifact id: 'bba0a908514ac1b216ded9f438174f49') in 0.003146 seconds
  Import took 0.009595 seconds .

========================================================================
Received Prepare
Registering precompiled user dll's ...
Registered in 0.001396 seconds.
Begin MonoManager ReloadAssembly
Native extension for WindowsStandalone target not found
Refreshing native plugins compatible for Editor in 0.51 ms, found 0 plugins.
Preloading 0 native plugins for Editor in 0.00 ms.
Invoked RoslynAnalysisRunner static constructor.
RoslynAnalysisRunner will not be running.
RoslynAnalysisRunner has terminated.
Mono: successfully reloaded assembly
- Completed reload, in  0.992 seconds
Platform modules already initialized, skipping
Refreshing native plugins compatible for Editor in 0.57 ms, found 0 plugins.
Preloading 0 native plugins for Editor in 0.00 ms.
Unloading 3211 Unused Serialized files (Serialized files now loaded: 0)
System memory in use before: 159.7 MB.
System memory in use after: 157.1 MB.

Unloading 39 unused Assets to reduce memory usage. Loaded Objects now: 3883.
Total: 3.953100 ms (FindLiveObjects: 0.377700 ms CreateObjectMapping: 0.160300 ms MarkObjects: 1.608200 ms  DeleteObjects: 1.805400 ms)

========================================================================
Received Prepare
Registering precompiled user dll's ...
Registered in 0.001397 seconds.
Begin MonoManager ReloadAssembly
Native extension for WindowsStandalone target not found
Refreshing native plugins compatible for Editor in 0.50 ms, found 0 plugins.
Preloading 0 native plugins for Editor in 0.00 ms.
Invoked RoslynAnalysisRunner static constructor.
RoslynAnalysisRunner will not be running.
RoslynAnalysisRunner has terminated.
Mono: successfully reloaded assembly
- Completed reload, in  0.915 seconds
Platform modules already initialized, skipping
Refreshing native plugins compatible for Editor in 0.58 ms, found 0 plugins.
Preloading 0 native plugins for Editor in 0.00 ms.
Unloading 3211 Unused Serialized files (Serialized files now loaded: 0)
System memory in use before: 159.7 MB.
System memory in use after: 157.1 MB.

Unloading 39 unused Assets to reduce memory usage. Loaded Objects now: 3885.
Total: 5.909800 ms (FindLiveObjects: 0.477400 ms CreateObjectMapping: 0.214700 ms MarkObjects: 2.941800 ms  DeleteObjects: 2.274600 ms)

========================================================================
Received Prepare
Registering precompiled user dll's ...
Registered in 0.001359 seconds.
Begin MonoManager ReloadAssembly
Native extension for WindowsStandalone target not found
Refreshing native plugins compatible for Editor in 0.50 ms, found 0 plugins.
Preloading 0 native plugins for Editor in 0.00 ms.
Invoked RoslynAnalysisRunner static constructor.
RoslynAnalysisRunner will not be running.
RoslynAnalysisRunner has terminated.
Mono: successfully reloaded assembly
- Completed reload, in  0.898 seconds
Platform modules already initialized, skipping
Refreshing native plugins compatible for Editor in 0.51 ms, found 0 plugins.
Preloading 0 native plugins for Editor in 0.00 ms.
Unloading 3211 Unused Serialized files (Serialized files now loaded: 0)
System memory in use before: 159.9 MB.
System memory in use after: 157.2 MB.

Unloading 39 unused Assets to reduce memory usage. Loaded Objects now: 3887.
Total: 3.864400 ms (FindLiveObjects: 0.303200 ms CreateObjectMapping: 0.151700 ms MarkObjects: 1.586600 ms  DeleteObjects: 1.822300 ms)

========================================================================
Received Import Request.
  Time since last request: 257.116289 seconds.
  path: Assets/2 - Scripts/CannulaMovement.cs
  artifactKey: Guid(ac7de8d56b0151142b4c4e9df97cd7ec) Importer(815301076,1909f56bfc062723c751e8b465ee728b)
Start importing Assets/2 - Scripts/CannulaMovement.cs using Guid(ac7de8d56b0151142b4c4e9df97cd7ec) Importer(815301076,1909f56bfc062723c751e8b465ee728b)  -> (artifact id: '45bfaae19fa2f1ebe1a80efb0a895f79') in 0.005553 seconds
  Import took 0.010191 seconds .

========================================================================
Received Import Request.
  Time since last request: 3.490663 seconds.
  path: Assets/2 - Scripts/CannulaMovement.cs
  artifactKey: Guid(ac7de8d56b0151142b4c4e9df97cd7ec) Importer(815301076,1909f56bfc062723c751e8b465ee728b)
Start importing Assets/2 - Scripts/CannulaMovement.cs using Guid(ac7de8d56b0151142b4c4e9df97cd7ec) Importer(815301076,1909f56bfc062723c751e8b465ee728b)  -> (artifact id: '45bfaae19fa2f1ebe1a80efb0a895f79') in 0.003141 seconds
  Import took 0.007792 seconds .

========================================================================
Received Prepare
Registering precompiled user dll's ...
Registered in 0.001390 seconds.
Begin MonoManager ReloadAssembly
Native extension for WindowsStandalone target not found
Refreshing native plugins compatible for Editor in 0.52 ms, found 0 plugins.
Preloading 0 native plugins for Editor in 0.00 ms.
Invoked RoslynAnalysisRunner static constructor.
RoslynAnalysisRunner will not be running.
RoslynAnalysisRunner has terminated.
Mono: successfully reloaded assembly
- Completed reload, in  0.946 seconds
Platform modules already initialized, skipping
Refreshing native plugins compatible for Editor in 0.50 ms, found 0 plugins.
Preloading 0 native plugins for Editor in 0.00 ms.
Unloading 3211 Unused Serialized files (Serialized files now loaded: 0)
System memory in use before: 159.8 MB.
System memory in use after: 157.2 MB.

Unloading 39 unused Assets to reduce memory usage. Loaded Objects now: 3889.
Total: 4.082000 ms (FindLiveObjects: 0.318800 ms CreateObjectMapping: 0.176000 ms MarkObjects: 1.643300 ms  DeleteObjects: 1.943200 ms)

========================================================================
Received Prepare
Registering precompiled user dll's ...
Registered in 0.001411 seconds.
Begin MonoManager ReloadAssembly
Native extension for WindowsStandalone target not found
Refreshing native plugins compatible for Editor in 0.49 ms, found 0 plugins.
Preloading 0 native plugins for Editor in 0.00 ms.
Invoked RoslynAnalysisRunner static constructor.
RoslynAnalysisRunner will not be running.
RoslynAnalysisRunner has terminated.
Mono: successfully reloaded assembly
- Completed reload, in  0.920 seconds
Platform modules already initialized, skipping
Refreshing native plugins compatible for Editor in 0.49 ms, found 0 plugins.
Preloading 0 native plugins for Editor in 0.00 ms.
Unloading 3211 Unused Serialized files (Serialized files now loaded: 0)
System memory in use before: 159.9 MB.
System memory in use after: 157.3 MB.

Unloading 39 unused Assets to reduce memory usage. Loaded Objects now: 3891.
Total: 4.091000 ms (FindLiveObjects: 0.361400 ms CreateObjectMapping: 0.181900 ms MarkObjects: 1.644600 ms  DeleteObjects: 1.901600 ms)

========================================================================
Received Import Request.
  Time since last request: 128.020800 seconds.
  path: Assets/2 - Scripts/CannulaMovement.cs
  artifactKey: Guid(ac7de8d56b0151142b4c4e9df97cd7ec) Importer(815301076,1909f56bfc062723c751e8b465ee728b)
Start importing Assets/2 - Scripts/CannulaMovement.cs using Guid(ac7de8d56b0151142b4c4e9df97cd7ec) Importer(815301076,1909f56bfc062723c751e8b465ee728b)  -> (artifact id: '35cf161370bbbc2d2ffeea4e819fd667') in 0.006076 seconds
  Import took 0.010879 seconds .

========================================================================
Received Prepare
Registering precompiled user dll's ...
Registered in 0.001387 seconds.
Begin MonoManager ReloadAssembly
Native extension for WindowsStandalone target not found
Refreshing native plugins compatible for Editor in 0.52 ms, found 0 plugins.
Preloading 0 native plugins for Editor in 0.00 ms.
Invoked RoslynAnalysisRunner static constructor.
RoslynAnalysisRunner will not be running.
RoslynAnalysisRunner has terminated.
Mono: successfully reloaded assembly
- Completed reload, in  0.879 seconds
Platform modules already initialized, skipping
Refreshing native plugins compatible for Editor in 0.50 ms, found 0 plugins.
Preloading 0 native plugins for Editor in 0.00 ms.
Unloading 3211 Unused Serialized files (Serialized files now loaded: 0)
System memory in use before: 159.9 MB.
System memory in use after: 157.3 MB.

Unloading 39 unused Assets to reduce memory usage. Loaded Objects now: 3893.
Total: 4.042200 ms (FindLiveObjects: 0.310600 ms CreateObjectMapping: 0.172600 ms MarkObjects: 1.636900 ms  DeleteObjects: 1.921000 ms)

========================================================================
Received Import Request.
  Time since last request: 75.399794 seconds.
  path: Assets/2 - Scripts/CannulaMovement.cs
  artifactKey: Guid(ac7de8d56b0151142b4c4e9df97cd7ec) Importer(815301076,1909f56bfc062723c751e8b465ee728b)
Start importing Assets/2 - Scripts/CannulaMovement.cs using Guid(ac7de8d56b0151142b4c4e9df97cd7ec) Importer(815301076,1909f56bfc062723c751e8b465ee728b)  -> (artifact id: 'b7fc10a816f8dfc99b3f4eeaf16e31aa') in 0.008518 seconds
  Import took 0.013783 seconds .

========================================================================
Received Prepare
Registering precompiled user dll's ...
Registered in 0.001367 seconds.
Begin MonoManager ReloadAssembly
Native extension for WindowsStandalone target not found
Refreshing native plugins compatible for Editor in 0.50 ms, found 0 plugins.
Preloading 0 native plugins for Editor in 0.00 ms.
Invoked RoslynAnalysisRunner static constructor.
RoslynAnalysisRunner will not be running.
RoslynAnalysisRunner has terminated.
Mono: successfully reloaded assembly
- Completed reload, in  0.908 seconds
Platform modules already initialized, skipping
Refreshing native plugins compatible for Editor in 0.50 ms, found 0 plugins.
Preloading 0 native plugins for Editor in 0.00 ms.
Unloading 3211 Unused Serialized files (Serialized files now loaded: 0)
System memory in use before: 159.9 MB.
System memory in use after: 157.3 MB.

Unloading 39 unused Assets to reduce memory usage. Loaded Objects now: 3895.
Total: 4.433900 ms (FindLiveObjects: 0.368000 ms CreateObjectMapping: 0.188100 ms MarkObjects: 1.783300 ms  DeleteObjects: 2.093200 ms)

========================================================================
Received Import Request.
  Time since last request: 96.348168 seconds.
  path: Assets/2 - Scripts/CannulaMovement.cs
  artifactKey: Guid(ac7de8d56b0151142b4c4e9df97cd7ec) Importer(815301076,1909f56bfc062723c751e8b465ee728b)
Start importing Assets/2 - Scripts/CannulaMovement.cs using Guid(ac7de8d56b0151142b4c4e9df97cd7ec) Importer(815301076,1909f56bfc062723c751e8b465ee728b)  -> (artifact id: '7b647272ed0c0a8153af4a05b693e8ae') in 0.005657 seconds
  Import took 0.010966 seconds .

========================================================================
Received Prepare
Registering precompiled user dll's ...
Registered in 0.001365 seconds.
Begin MonoManager ReloadAssembly
Native extension for WindowsStandalone target not found
Refreshing native plugins compatible for Editor in 0.50 ms, found 0 plugins.
Preloading 0 native plugins for Editor in 0.00 ms.
Invoked RoslynAnalysisRunner static constructor.
RoslynAnalysisRunner will not be running.
RoslynAnalysisRunner has terminated.
Mono: successfully reloaded assembly
- Completed reload, in  0.872 seconds
Platform modules already initialized, skipping
Refreshing native plugins compatible for Editor in 0.51 ms, found 0 plugins.
Preloading 0 native plugins for Editor in 0.00 ms.
Unloading 3211 Unused Serialized files (Serialized files now loaded: 0)
System memory in use before: 159.9 MB.
System memory in use after: 157.3 MB.

Unloading 39 unused Assets to reduce memory usage. Loaded Objects now: 3897.
Total: 4.354800 ms (FindLiveObjects: 0.494100 ms CreateObjectMapping: 0.213800 ms MarkObjects: 1.652000 ms  DeleteObjects: 1.993400 ms)

========================================================================
Received Import Request.
  Time since last request: 91.741361 seconds.
  path: Assets/2 - Scripts/CannulaMovement.cs
  artifactKey: Guid(ac7de8d56b0151142b4c4e9df97cd7ec) Importer(815301076,1909f56bfc062723c751e8b465ee728b)
Start importing Assets/2 - Scripts/CannulaMovement.cs using Guid(ac7de8d56b0151142b4c4e9df97cd7ec) Importer(815301076,1909f56bfc062723c751e8b465ee728b)  -> (artifact id: 'c3f189360aa05ccb712020bd6ff1d7ba') in 0.005753 seconds
  Import took 0.011012 seconds .

========================================================================
Received Import Request.
  Time since last request: 3.599989 seconds.
  path: Assets/2 - Scripts/CannulaMovement.cs
  artifactKey: Guid(ac7de8d56b0151142b4c4e9df97cd7ec) Importer(815301076,1909f56bfc062723c751e8b465ee728b)
Start importing Assets/2 - Scripts/CannulaMovement.cs using Guid(ac7de8d56b0151142b4c4e9df97cd7ec) Importer(815301076,1909f56bfc062723c751e8b465ee728b)  -> (artifact id: 'c3f189360aa05ccb712020bd6ff1d7ba') in 0.003158 seconds
  Import took 0.008379 seconds .

========================================================================
Received Prepare
Registering precompiled user dll's ...
Registered in 0.001383 seconds.
Begin MonoManager ReloadAssembly
Native extension for WindowsStandalone target not found
Refreshing native plugins compatible for Editor in 0.50 ms, found 0 plugins.
Preloading 0 native plugins for Editor in 0.00 ms.
Invoked RoslynAnalysisRunner static constructor.
RoslynAnalysisRunner will not be running.
RoslynAnalysisRunner has terminated.
Mono: successfully reloaded assembly
- Completed reload, in  0.959 seconds
Platform modules already initialized, skipping
Refreshing native plugins compatible for Editor in 0.50 ms, found 0 plugins.
Preloading 0 native plugins for Editor in 0.00 ms.
Unloading 3211 Unused Serialized files (Serialized files now loaded: 0)
System memory in use before: 159.9 MB.
System memory in use after: 157.3 MB.

Unloading 39 unused Assets to reduce memory usage. Loaded Objects now: 3899.
Total: 4.393800 ms (FindLiveObjects: 0.423900 ms CreateObjectMapping: 0.235200 ms MarkObjects: 1.697100 ms  DeleteObjects: 2.036200 ms)

========================================================================
Received Import Request.
  Time since last request: 24146.911132 seconds.
  path: Assets/2 - Scripts/CannulaMovement.cs
  artifactKey: Guid(ac7de8d56b0151142b4c4e9df97cd7ec) Importer(815301076,1909f56bfc062723c751e8b465ee728b)
Start importing Assets/2 - Scripts/CannulaMovement.cs using Guid(ac7de8d56b0151142b4c4e9df97cd7ec) Importer(815301076,1909f56bfc062723c751e8b465ee728b)  -> (artifact id: '7d9f1917bce2aa80251685e24cc456cb') in 0.005548 seconds
  Import took 0.010665 seconds .

========================================================================
Received Prepare
Registering precompiled user dll's ...
Registered in 0.001407 seconds.
Begin MonoManager ReloadAssembly
Native extension for WindowsStandalone target not found
Refreshing native plugins compatible for Editor in 0.81 ms, found 0 plugins.
Preloading 0 native plugins for Editor in 0.00 ms.
Invoked RoslynAnalysisRunner static constructor.
RoslynAnalysisRunner will not be running.
RoslynAnalysisRunner has terminated.
Mono: successfully reloaded assembly
- Completed reload, in  0.974 seconds
Platform modules already initialized, skipping
Refreshing native plugins compatible for Editor in 0.52 ms, found 0 plugins.
Preloading 0 native plugins for Editor in 0.00 ms.
Unloading 3211 Unused Serialized files (Serialized files now loaded: 0)
System memory in use before: 159.9 MB.
System memory in use after: 157.3 MB.

Unloading 39 unused Assets to reduce memory usage. Loaded Objects now: 3901.
Total: 4.405800 ms (FindLiveObjects: 0.366600 ms CreateObjectMapping: 0.194700 ms MarkObjects: 1.760800 ms  DeleteObjects: 2.082700 ms)

========================================================================
Received Prepare
Registering precompiled user dll's ...
Registered in 0.001399 seconds.
Begin MonoManager ReloadAssembly
Native extension for WindowsStandalone target not found
Refreshing native plugins compatible for Editor in 0.50 ms, found 0 plugins.
Preloading 0 native plugins for Editor in 0.00 ms.
Invoked RoslynAnalysisRunner static constructor.
RoslynAnalysisRunner will not be running.
RoslynAnalysisRunner has terminated.
Mono: successfully reloaded assembly
- Completed reload, in  0.873 seconds
Platform modules already initialized, skipping
Refreshing native plugins compatible for Editor in 0.51 ms, found 0 plugins.
Preloading 0 native plugins for Editor in 0.00 ms.
Unloading 3211 Unused Serialized files (Serialized files now loaded: 0)
System memory in use before: 159.9 MB.
System memory in use after: 157.3 MB.

Unloading 39 unused Assets to reduce memory usage. Loaded Objects now: 3903.
Total: 4.542900 ms (FindLiveObjects: 0.402900 ms CreateObjectMapping: 0.210900 ms MarkObjects: 1.870800 ms  DeleteObjects: 2.057200 ms)

========================================================================
Received Prepare
Registering precompiled user dll's ...
Registered in 0.001441 seconds.
Begin MonoManager ReloadAssembly
Native extension for WindowsStandalone target not found
Refreshing native plugins compatible for Editor in 0.50 ms, found 0 plugins.
Preloading 0 native plugins for Editor in 0.00 ms.
Invoked RoslynAnalysisRunner static constructor.
RoslynAnalysisRunner will not be running.
RoslynAnalysisRunner has terminated.
Mono: successfully reloaded assembly
- Completed reload, in  0.899 seconds
Platform modules already initialized, skipping
Refreshing native plugins compatible for Editor in 0.51 ms, found 0 plugins.
Preloading 0 native plugins for Editor in 0.00 ms.
Unloading 3211 Unused Serialized files (Serialized files now loaded: 0)
System memory in use before: 159.9 MB.
System memory in use after: 157.3 MB.

Unloading 39 unused Assets to reduce memory usage. Loaded Objects now: 3905.
Total: 4.291700 ms (FindLiveObjects: 0.332500 ms CreateObjectMapping: 0.173000 ms MarkObjects: 1.561900 ms  DeleteObjects: 2.223500 ms)

========================================================================
Received Prepare
Registering precompiled user dll's ...
Registered in 0.001394 seconds.
Begin MonoManager ReloadAssembly
Native extension for WindowsStandalone target not found
Refreshing native plugins compatible for Editor in 0.50 ms, found 0 plugins.
Preloading 0 native plugins for Editor in 0.00 ms.
Invoked RoslynAnalysisRunner static constructor.
RoslynAnalysisRunner will not be running.
RoslynAnalysisRunner has terminated.
Mono: successfully reloaded assembly
- Completed reload, in  0.883 seconds
Platform modules already initialized, skipping
Refreshing native plugins compatible for Editor in 0.50 ms, found 0 plugins.
Preloading 0 native plugins for Editor in 0.00 ms.
Unloading 3211 Unused Serialized files (Serialized files now loaded: 0)
System memory in use before: 159.9 MB.
System memory in use after: 157.3 MB.

Unloading 39 unused Assets to reduce memory usage. Loaded Objects now: 3907.
Total: 4.393800 ms (FindLiveObjects: 0.450200 ms CreateObjectMapping: 0.209200 ms MarkObjects: 1.711100 ms  DeleteObjects: 2.022300 ms)

========================================================================
Received Prepare
Registering precompiled user dll's ...
Registered in 0.001797 seconds.
Begin MonoManager ReloadAssembly
Native extension for WindowsStandalone target not found
Refreshing native plugins compatible for Editor in 0.63 ms, found 0 plugins.
Preloading 0 native plugins for Editor in 0.00 ms.
Invoked RoslynAnalysisRunner static constructor.
RoslynAnalysisRunner will not be running.
RoslynAnalysisRunner has terminated.
Mono: successfully reloaded assembly
- Completed reload, in  0.929 seconds
Platform modules already initialized, skipping
Refreshing native plugins compatible for Editor in 0.51 ms, found 0 plugins.
Preloading 0 native plugins for Editor in 0.00 ms.
Unloading 3211 Unused Serialized files (Serialized files now loaded: 0)
System memory in use before: 159.9 MB.
System memory in use after: 157.3 MB.

Unloading 39 unused Assets to reduce memory usage. Loaded Objects now: 3909.
Total: 4.212800 ms (FindLiveObjects: 0.436400 ms CreateObjectMapping: 0.184400 ms MarkObjects: 1.609200 ms  DeleteObjects: 1.981400 ms)

========================================================================
Received Prepare
Registering precompiled user dll's ...
Registered in 0.001389 seconds.
Begin MonoManager ReloadAssembly
Native extension for WindowsStandalone target not found
Refreshing native plugins compatible for Editor in 0.52 ms, found 0 plugins.
Preloading 0 native plugins for Editor in 0.00 ms.
Invoked RoslynAnalysisRunner static constructor.
RoslynAnalysisRunner will not be running.
RoslynAnalysisRunner has terminated.
Mono: successfully reloaded assembly
- Completed reload, in  0.898 seconds
Platform modules already initialized, skipping
Refreshing native plugins compatible for Editor in 0.50 ms, found 0 plugins.
Preloading 0 native plugins for Editor in 0.00 ms.
Unloading 3211 Unused Serialized files (Serialized files now loaded: 0)
System memory in use before: 160.0 MB.
System memory in use after: 157.3 MB.

Unloading 39 unused Assets to reduce memory usage. Loaded Objects now: 3911.
Total: 4.363600 ms (FindLiveObjects: 0.395900 ms CreateObjectMapping: 0.194400 ms MarkObjects: 1.699100 ms  DeleteObjects: 2.073200 ms)

========================================================================
Received Prepare
Registering precompiled user dll's ...
Registered in 0.001400 seconds.
Begin MonoManager ReloadAssembly
Native extension for WindowsStandalone target not found
Refreshing native plugins compatible for Editor in 0.50 ms, found 0 plugins.
Preloading 0 native plugins for Editor in 0.00 ms.
Invoked RoslynAnalysisRunner static constructor.
RoslynAnalysisRunner will not be running.
RoslynAnalysisRunner has terminated.
Mono: successfully reloaded assembly
- Completed reload, in  0.900 seconds
Platform modules already initialized, skipping
Refreshing native plugins compatible for Editor in 0.50 ms, found 0 plugins.
Preloading 0 native plugins for Editor in 0.00 ms.
Unloading 3211 Unused Serialized files (Serialized files now loaded: 0)
System memory in use before: 160.0 MB.
System memory in use after: 157.3 MB.

Unloading 39 unused Assets to reduce memory usage. Loaded Objects now: 3913.
Total: 4.478100 ms (FindLiveObjects: 0.381900 ms CreateObjectMapping: 0.204300 ms MarkObjects: 1.891600 ms  DeleteObjects: 1.999100 ms)

========================================================================
Received Prepare
Registering precompiled user dll's ...
Registered in 0.001473 seconds.
Begin MonoManager ReloadAssembly
Native extension for WindowsStandalone target not found
Refreshing native plugins compatible for Editor in 0.50 ms, found 0 plugins.
Preloading 0 native plugins for Editor in 0.00 ms.
Invoked RoslynAnalysisRunner static constructor.
RoslynAnalysisRunner will not be running.
RoslynAnalysisRunner has terminated.
Mono: successfully reloaded assembly
- Completed reload, in  0.894 seconds
Platform modules already initialized, skipping
Refreshing native plugins compatible for Editor in 0.51 ms, found 0 plugins.
Preloading 0 native plugins for Editor in 0.00 ms.
Unloading 3211 Unused Serialized files (Serialized files now loaded: 0)
System memory in use before: 160.0 MB.
System memory in use after: 157.3 MB.

Unloading 39 unused Assets to reduce memory usage. Loaded Objects now: 3915.
Total: 4.567000 ms (FindLiveObjects: 0.361800 ms CreateObjectMapping: 0.197500 ms MarkObjects: 1.901400 ms  DeleteObjects: 2.105300 ms)

========================================================================
Received Prepare
Registering precompiled user dll's ...
Registered in 0.001461 seconds.
Begin MonoManager ReloadAssembly
Native extension for WindowsStandalone target not found
Refreshing native plugins compatible for Editor in 0.56 ms, found 0 plugins.
Preloading 0 native plugins for Editor in 0.00 ms.
Invoked RoslynAnalysisRunner static constructor.
RoslynAnalysisRunner will not be running.
RoslynAnalysisRunner has terminated.
Mono: successfully reloaded assembly
- Completed reload, in  0.889 seconds
Platform modules already initialized, skipping
Refreshing native plugins compatible for Editor in 0.51 ms, found 0 plugins.
Preloading 0 native plugins for Editor in 0.00 ms.
Unloading 3211 Unused Serialized files (Serialized files now loaded: 0)
System memory in use before: 160.0 MB.
System memory in use after: 157.3 MB.

Unloading 39 unused Assets to reduce memory usage. Loaded Objects now: 3917.
Total: 4.364000 ms (FindLiveObjects: 0.339300 ms CreateObjectMapping: 0.176800 ms MarkObjects: 1.748000 ms  DeleteObjects: 2.098800 ms)

AssetImportWorkerClient::OnTransportError - code=2 error=End of file
