Using pre-set license
Built from '2020.2/release' branch; Version is '2020.2.1f1 (270dd8c3da1c) revision 2559448'; Using compiler version '192528614'; Build Type 'Release'
OS: 'Windows 10  (10.0.0) 64bit' Language: 'en' Physical Memory: 16337 MB
BatchMode: 1, IsHumanControllingUs: 0, StartBugReporterOnCrash: 0, Is64bit: 1, IsPro: 0

 COMMAND LINE ARGUMENTS:
C:\Program Files\Unity\Hub\Editor\2020.2.1f1\Editor\Unity.exe
-adb2
-batchMode
-noUpm
-name
AssetImportWorker0
-projectPath
C:/Users/khalil/Desktop/CannulaTracker-Checkpointing
-logFile
Logs/AssetImportWorker0.log
-srvPort
52090
Successfully changed project path to: C:/Users/khalil/Desktop/CannulaTracker-Checkpointing
C:/Users/khalil/Desktop/CannulaTracker-Checkpointing
Using Asset Import Pipeline V2.
Refreshing native plugins compatible for Editor in 56.79 ms, found 0 plugins.
Preloading 0 native plugins for Editor in 0.00 ms.
Initialize engine version: 2020.2.1f1 (270dd8c3da1c)
[Subsystems] Discovering subsystems at path C:/Program Files/Unity/Hub/Editor/2020.2.1f1/Editor/Data/Resources/UnitySubsystems
[Subsystems] Discovering subsystems at path C:/Users/khalil/Desktop/CannulaTracker-Checkpointing/Assets
GfxDevice: creating device client; threaded=0
Direct3D:
    Version:  Direct3D 11.0 [level 11.1]
    Renderer: NVIDIA GeForce GTX 1060 6GB (ID=0x1c03)
    Vendor:   
    VRAM:     6052 MB
    Driver:   27.21.14.6089
Initialize mono
Mono path[0] = 'C:/Program Files/Unity/Hub/Editor/2020.2.1f1/Editor/Data/Managed'
Mono path[1] = 'C:/Program Files/Unity/Hub/Editor/2020.2.1f1/Editor/Data/MonoBleedingEdge/lib/mono/unityjit'
Mono config path = 'C:/Program Files/Unity/Hub/Editor/2020.2.1f1/Editor/Data/MonoBleedingEdge/etc'
Using monoOptions --debugger-agent=transport=dt_socket,embedding=1,server=y,suspend=n,address=127.0.0.1:56116
Begin MonoManager ReloadAssembly
Registering precompiled unity dll's ...
Register platform support module: C:/Program Files/Unity/Hub/Editor/2020.2.1f1/Editor/Data/PlaybackEngines/WindowsStandaloneSupport/UnityEditor.WindowsStandalone.Extensions.dll
Registered in 0.001295 seconds.
Native extension for WindowsStandalone target not found
Refreshing native plugins compatible for Editor in 55.32 ms, found 0 plugins.
Preloading 0 native plugins for Editor in 0.00 ms.
Invoked RoslynAnalysisRunner static constructor.
RoslynAnalysisRunner will not be running.
RoslynAnalysisRunner has terminated.
Mono: successfully reloaded assembly
- Completed reload, in  0.787 seconds
Platform modules already initialized, skipping
Registering precompiled user dll's ...
Registered in 0.001276 seconds.
Begin MonoManager ReloadAssembly
Native extension for WindowsStandalone target not found
Refreshing native plugins compatible for Editor in 57.79 ms, found 0 plugins.
Preloading 0 native plugins for Editor in 0.00 ms.
Invoked RoslynAnalysisRunner static constructor.
RoslynAnalysisRunner will not be running.
RoslynAnalysisRunner has terminated.
Mono: successfully reloaded assembly
- Completed reload, in  1.019 seconds
Platform modules already initialized, skipping
========================================================================
Worker process is ready to serve import requests
Launched and connected shader compiler UnityShaderCompiler.exe after 0.04 seconds
Refreshing native plugins compatible for Editor in 0.49 ms, found 0 plugins.
Preloading 0 native plugins for Editor in 0.00 ms.
Unloading 3462 Unused Serialized files (Serialized files now loaded: 0)
System memory in use before: 168.8 MB.
System memory in use after: 166.2 MB.

Unloading 44 unused Assets to reduce memory usage. Loaded Objects now: 3888.
Total: 3.855600 ms (FindLiveObjects: 0.386600 ms CreateObjectMapping: 0.175600 ms MarkObjects: 1.649900 ms  DeleteObjects: 1.642500 ms)

========================================================================
Received Import Request.
  path: Assets/Art/Materials/Circle.mat
  artifactKey: Guid(9f2a646b21d8b80408a2ecc4be1d9322) Importer(815301076,1909f56bfc062723c751e8b465ee728b)
Start importing Assets/Art/Materials/Circle.mat using Guid(9f2a646b21d8b80408a2ecc4be1d9322) Importer(815301076,1909f56bfc062723c751e8b465ee728b)  -> (artifact id: 'ceabd4221cdd904a82c13a0ac61493a9') in 0.576342 seconds
  Import took 0.582568 seconds .

========================================================================
Received Import Request.
  Time since last request: 44.748254 seconds.
  path: Assets/Animations/CinematicsTimeline.playable
  artifactKey: Guid(5a54d61bc58f43341aa47f398b54ed14) Importer(815301076,1909f56bfc062723c751e8b465ee728b)
Start importing Assets/Animations/CinematicsTimeline.playable using Guid(5a54d61bc58f43341aa47f398b54ed14) Importer(815301076,1909f56bfc062723c751e8b465ee728b)  -> (artifact id: '2a766ff47aa4674d9572fc15ae27f010') in 0.024604 seconds
  Import took 0.031562 seconds .

========================================================================
Received Import Request.
  Time since last request: 0.010443 seconds.
  path: Assets/Animations/ScreenshotsTimeline.playable
  artifactKey: Guid(a68e4ad89ad65c04981239cc0044a707) Importer(815301076,1909f56bfc062723c751e8b465ee728b)
Start importing Assets/Animations/ScreenshotsTimeline.playable using Guid(a68e4ad89ad65c04981239cc0044a707) Importer(815301076,1909f56bfc062723c751e8b465ee728b)  -> (artifact id: '11085417c2bba12fefc7ffa8d2b8c81e') in 0.017803 seconds
  Import took 0.025582 seconds .

========================================================================
Received Import Request.
  Time since last request: 6.050659 seconds.
  path: Assets/CannulaMovement.cs
  artifactKey: Guid(ac7de8d56b0151142b4c4e9df97cd7ec) Importer(815301076,1909f56bfc062723c751e8b465ee728b)
Start importing Assets/CannulaMovement.cs using Guid(ac7de8d56b0151142b4c4e9df97cd7ec) Importer(815301076,1909f56bfc062723c751e8b465ee728b)  -> (artifact id: '3d02e008c2b96530cbbbc3a4cb4507d5') in 0.020787 seconds
  Import took 0.028315 seconds .

========================================================================
Received Import Request.
  Time since last request: 0.006900 seconds.
  path: Assets/CannulaMovement.cs
  artifactKey: Guid(ac7de8d56b0151142b4c4e9df97cd7ec) Importer(815301076,1909f56bfc062723c751e8b465ee728b)
Start importing Assets/CannulaMovement.cs using Guid(ac7de8d56b0151142b4c4e9df97cd7ec) Importer(815301076,1909f56bfc062723c751e8b465ee728b)  -> (artifact id: '3d02e008c2b96530cbbbc3a4cb4507d5') in 0.004706 seconds
  Import took 0.011245 seconds .

========================================================================
Received Prepare
Registering precompiled user dll's ...
Registered in 0.002108 seconds.
Begin MonoManager ReloadAssembly
Native extension for WindowsStandalone target not found
Refreshing native plugins compatible for Editor in 0.49 ms, found 0 plugins.
Preloading 0 native plugins for Editor in 0.00 ms.
Invoked RoslynAnalysisRunner static constructor.
RoslynAnalysisRunner will not be running.
RoslynAnalysisRunner has terminated.
Mono: successfully reloaded assembly
- Completed reload, in  1.015 seconds
Platform modules already initialized, skipping
Refreshing native plugins compatible for Editor in 0.53 ms, found 0 plugins.
Preloading 0 native plugins for Editor in 0.00 ms.
Unloading 3229 Unused Serialized files (Serialized files now loaded: 0)
System memory in use before: 170.5 MB.
System memory in use after: 168.2 MB.

Unloading 33 unused Assets to reduce memory usage. Loaded Objects now: 4062.
Total: 4.084100 ms (FindLiveObjects: 0.544900 ms CreateObjectMapping: 0.200700 ms MarkObjects: 1.857300 ms  DeleteObjects: 1.480000 ms)

========================================================================
Received Import Request.
  Time since last request: 761.148395 seconds.
  path: Assets/CannulaMovement.cs
  artifactKey: Guid(ac7de8d56b0151142b4c4e9df97cd7ec) Importer(815301076,1909f56bfc062723c751e8b465ee728b)
Start importing Assets/CannulaMovement.cs using Guid(ac7de8d56b0151142b4c4e9df97cd7ec) Importer(815301076,1909f56bfc062723c751e8b465ee728b)  -> (artifact id: 'd95ff0b2647ac89e60df3cf1705efbcf') in 0.005892 seconds
  Import took 0.011141 seconds .

========================================================================
Received Prepare
Registering precompiled user dll's ...
Registered in 0.002018 seconds.
Begin MonoManager ReloadAssembly
Native extension for WindowsStandalone target not found
Refreshing native plugins compatible for Editor in 0.50 ms, found 0 plugins.
Preloading 0 native plugins for Editor in 0.00 ms.
Invoked RoslynAnalysisRunner static constructor.
RoslynAnalysisRunner will not be running.
RoslynAnalysisRunner has terminated.
Mono: successfully reloaded assembly
- Completed reload, in  0.993 seconds
Platform modules already initialized, skipping
Refreshing native plugins compatible for Editor in 0.49 ms, found 0 plugins.
Preloading 0 native plugins for Editor in 0.00 ms.
Unloading 3212 Unused Serialized files (Serialized files now loaded: 0)
System memory in use before: 169.7 MB.
System memory in use after: 167.4 MB.

Unloading 33 unused Assets to reduce memory usage. Loaded Objects now: 4064.
Total: 6.176600 ms (FindLiveObjects: 0.785700 ms CreateObjectMapping: 0.294000 ms MarkObjects: 2.889200 ms  DeleteObjects: 2.205600 ms)

========================================================================
Received Import Request.
  Time since last request: 275.291730 seconds.
  path: Assets/CannulaMovement.cs
  artifactKey: Guid(ac7de8d56b0151142b4c4e9df97cd7ec) Importer(815301076,1909f56bfc062723c751e8b465ee728b)
Start importing Assets/CannulaMovement.cs using Guid(ac7de8d56b0151142b4c4e9df97cd7ec) Importer(815301076,1909f56bfc062723c751e8b465ee728b)  -> (artifact id: 'be8af38dac89087f005a9f5bb394ba76') in 0.005402 seconds
  Import took 0.010111 seconds .

========================================================================
Received Prepare
Registering precompiled user dll's ...
Registered in 0.001405 seconds.
Begin MonoManager ReloadAssembly
Native extension for WindowsStandalone target not found
Refreshing native plugins compatible for Editor in 0.72 ms, found 0 plugins.
Preloading 0 native plugins for Editor in 0.00 ms.
Invoked RoslynAnalysisRunner static constructor.
RoslynAnalysisRunner will not be running.
RoslynAnalysisRunner has terminated.
Mono: successfully reloaded assembly
- Completed reload, in  1.084 seconds
Platform modules already initialized, skipping
Refreshing native plugins compatible for Editor in 0.53 ms, found 0 plugins.
Preloading 0 native plugins for Editor in 0.00 ms.
Unloading 3212 Unused Serialized files (Serialized files now loaded: 0)
System memory in use before: 169.8 MB.
System memory in use after: 167.5 MB.

Unloading 33 unused Assets to reduce memory usage. Loaded Objects now: 4066.
Total: 6.952600 ms (FindLiveObjects: 1.124600 ms CreateObjectMapping: 0.369100 ms MarkObjects: 3.246500 ms  DeleteObjects: 2.209500 ms)

========================================================================
Received Import Request.
  Time since last request: 174.020063 seconds.
  path: Assets/CannulaMovement.cs
  artifactKey: Guid(ac7de8d56b0151142b4c4e9df97cd7ec) Importer(815301076,1909f56bfc062723c751e8b465ee728b)
Start importing Assets/CannulaMovement.cs using Guid(ac7de8d56b0151142b4c4e9df97cd7ec) Importer(815301076,1909f56bfc062723c751e8b465ee728b)  -> (artifact id: '849e427ca4397af89813a9f76d0a19e4') in 0.006302 seconds
  Import took 0.011787 seconds .

========================================================================
Received Prepare
Registering precompiled user dll's ...
Registered in 0.001353 seconds.
Begin MonoManager ReloadAssembly
Native extension for WindowsStandalone target not found
Refreshing native plugins compatible for Editor in 0.50 ms, found 0 plugins.
Preloading 0 native plugins for Editor in 0.00 ms.
Invoked RoslynAnalysisRunner static constructor.
RoslynAnalysisRunner will not be running.
RoslynAnalysisRunner has terminated.
Mono: successfully reloaded assembly
- Completed reload, in  1.064 seconds
Platform modules already initialized, skipping
Refreshing native plugins compatible for Editor in 0.50 ms, found 0 plugins.
Preloading 0 native plugins for Editor in 0.00 ms.
Unloading 3212 Unused Serialized files (Serialized files now loaded: 0)
System memory in use before: 169.7 MB.
System memory in use after: 167.5 MB.

Unloading 33 unused Assets to reduce memory usage. Loaded Objects now: 4068.
Total: 5.406200 ms (FindLiveObjects: 0.612100 ms CreateObjectMapping: 0.282800 ms MarkObjects: 2.724500 ms  DeleteObjects: 1.784900 ms)

========================================================================
Received Import Request.
  Time since last request: 1714.684547 seconds.
  path: Assets/CannulaMovement.cs
  artifactKey: Guid(ac7de8d56b0151142b4c4e9df97cd7ec) Importer(815301076,1909f56bfc062723c751e8b465ee728b)
Start importing Assets/CannulaMovement.cs using Guid(ac7de8d56b0151142b4c4e9df97cd7ec) Importer(815301076,1909f56bfc062723c751e8b465ee728b)  -> (artifact id: 'bd673d668804630c0c819ce43c19e8bf') in 0.005473 seconds
  Import took 0.010460 seconds .

========================================================================
Received Prepare
Registering precompiled user dll's ...
Registered in 0.001358 seconds.
Begin MonoManager ReloadAssembly
Native extension for WindowsStandalone target not found
Refreshing native plugins compatible for Editor in 0.57 ms, found 0 plugins.
Preloading 0 native plugins for Editor in 0.00 ms.
Invoked RoslynAnalysisRunner static constructor.
RoslynAnalysisRunner will not be running.
RoslynAnalysisRunner has terminated.
Mono: successfully reloaded assembly
- Completed reload, in  1.029 seconds
Platform modules already initialized, skipping
Refreshing native plugins compatible for Editor in 0.64 ms, found 0 plugins.
Preloading 0 native plugins for Editor in 0.00 ms.
Unloading 3212 Unused Serialized files (Serialized files now loaded: 0)
System memory in use before: 169.8 MB.
System memory in use after: 167.6 MB.

Unloading 33 unused Assets to reduce memory usage. Loaded Objects now: 4070.
Total: 5.543600 ms (FindLiveObjects: 0.450800 ms CreateObjectMapping: 0.214400 ms MarkObjects: 2.468400 ms  DeleteObjects: 2.408700 ms)

========================================================================
Received Import Request.
  Time since last request: 97.268544 seconds.
  path: Assets/CannulaMovement.cs
  artifactKey: Guid(ac7de8d56b0151142b4c4e9df97cd7ec) Importer(815301076,1909f56bfc062723c751e8b465ee728b)
Start importing Assets/CannulaMovement.cs using Guid(ac7de8d56b0151142b4c4e9df97cd7ec) Importer(815301076,1909f56bfc062723c751e8b465ee728b)  -> (artifact id: '97d103f8787b06a694e39b1e68699c2f') in 0.005417 seconds
  Import took 0.010445 seconds .

========================================================================
Received Prepare
Registering precompiled user dll's ...
Registered in 0.001487 seconds.
Begin MonoManager ReloadAssembly
Native extension for WindowsStandalone target not found
Refreshing native plugins compatible for Editor in 0.57 ms, found 0 plugins.
Preloading 0 native plugins for Editor in 0.00 ms.
Invoked RoslynAnalysisRunner static constructor.
RoslynAnalysisRunner will not be running.
RoslynAnalysisRunner has terminated.
Mono: successfully reloaded assembly
- Completed reload, in  0.999 seconds
Platform modules already initialized, skipping
Refreshing native plugins compatible for Editor in 0.52 ms, found 0 plugins.
Preloading 0 native plugins for Editor in 0.00 ms.
Unloading 3212 Unused Serialized files (Serialized files now loaded: 0)
System memory in use before: 169.8 MB.
System memory in use after: 167.5 MB.

Unloading 33 unused Assets to reduce memory usage. Loaded Objects now: 4072.
Total: 5.708800 ms (FindLiveObjects: 0.598100 ms CreateObjectMapping: 0.263100 ms MarkObjects: 2.613500 ms  DeleteObjects: 2.232000 ms)

========================================================================
Received Import Request.
  Time since last request: 130.217126 seconds.
  path: Assets/CannulaMovement.cs
  artifactKey: Guid(ac7de8d56b0151142b4c4e9df97cd7ec) Importer(815301076,1909f56bfc062723c751e8b465ee728b)
Start importing Assets/CannulaMovement.cs using Guid(ac7de8d56b0151142b4c4e9df97cd7ec) Importer(815301076,1909f56bfc062723c751e8b465ee728b)  -> (artifact id: '315d0be768a3b90901c77a1ced98fa80') in 0.005290 seconds
  Import took 0.009989 seconds .

========================================================================
Received Prepare
Registering precompiled user dll's ...
Registered in 0.001852 seconds.
Begin MonoManager ReloadAssembly
Native extension for WindowsStandalone target not found
Refreshing native plugins compatible for Editor in 0.58 ms, found 0 plugins.
Preloading 0 native plugins for Editor in 0.00 ms.
Invoked RoslynAnalysisRunner static constructor.
RoslynAnalysisRunner will not be running.
RoslynAnalysisRunner has terminated.
Mono: successfully reloaded assembly
- Completed reload, in  1.024 seconds
Platform modules already initialized, skipping
Refreshing native plugins compatible for Editor in 0.74 ms, found 0 plugins.
Preloading 0 native plugins for Editor in 0.00 ms.
Unloading 3212 Unused Serialized files (Serialized files now loaded: 0)
System memory in use before: 169.8 MB.
System memory in use after: 167.6 MB.

Unloading 33 unused Assets to reduce memory usage. Loaded Objects now: 4074.
Total: 4.232500 ms (FindLiveObjects: 0.402900 ms CreateObjectMapping: 0.181600 ms MarkObjects: 1.850900 ms  DeleteObjects: 1.795800 ms)

========================================================================
Received Prepare
Registering precompiled user dll's ...
Registered in 0.001290 seconds.
Begin MonoManager ReloadAssembly
Native extension for WindowsStandalone target not found
Refreshing native plugins compatible for Editor in 0.49 ms, found 0 plugins.
Preloading 0 native plugins for Editor in 0.00 ms.
Invoked RoslynAnalysisRunner static constructor.
RoslynAnalysisRunner will not be running.
RoslynAnalysisRunner has terminated.
Mono: successfully reloaded assembly
- Completed reload, in  1.040 seconds
Platform modules already initialized, skipping
Refreshing native plugins compatible for Editor in 0.50 ms, found 0 plugins.
Preloading 0 native plugins for Editor in 0.00 ms.
Unloading 3212 Unused Serialized files (Serialized files now loaded: 0)
System memory in use before: 169.8 MB.
System memory in use after: 167.5 MB.

Unloading 33 unused Assets to reduce memory usage. Loaded Objects now: 4076.
Total: 7.546400 ms (FindLiveObjects: 0.854200 ms CreateObjectMapping: 0.214500 ms MarkObjects: 3.545000 ms  DeleteObjects: 2.929600 ms)

========================================================================
Received Import Request.
  Time since last request: 130.133994 seconds.
  path: Assets/CannulaMovement.cs
  artifactKey: Guid(ac7de8d56b0151142b4c4e9df97cd7ec) Importer(815301076,1909f56bfc062723c751e8b465ee728b)
Start importing Assets/CannulaMovement.cs using Guid(ac7de8d56b0151142b4c4e9df97cd7ec) Importer(815301076,1909f56bfc062723c751e8b465ee728b)  -> (artifact id: 'f93b4a400ca3f209edb69850dda00745') in 0.006238 seconds
  Import took 0.012678 seconds .

========================================================================
Received Prepare
Registering precompiled user dll's ...
Registered in 0.001525 seconds.
Begin MonoManager ReloadAssembly
Native extension for WindowsStandalone target not found
Refreshing native plugins compatible for Editor in 0.53 ms, found 0 plugins.
Preloading 0 native plugins for Editor in 0.00 ms.
Invoked RoslynAnalysisRunner static constructor.
RoslynAnalysisRunner will not be running.
RoslynAnalysisRunner has terminated.
Mono: successfully reloaded assembly
- Completed reload, in  0.990 seconds
Platform modules already initialized, skipping
Refreshing native plugins compatible for Editor in 0.52 ms, found 0 plugins.
Preloading 0 native plugins for Editor in 0.00 ms.
Unloading 3212 Unused Serialized files (Serialized files now loaded: 0)
System memory in use before: 169.8 MB.
System memory in use after: 167.5 MB.

Unloading 33 unused Assets to reduce memory usage. Loaded Objects now: 4078.
Total: 4.817600 ms (FindLiveObjects: 0.351900 ms CreateObjectMapping: 0.181000 ms MarkObjects: 1.873000 ms  DeleteObjects: 2.410200 ms)

========================================================================
Received Import Request.
  Time since last request: 27.803589 seconds.
  path: Assets/CannulaMovement.cs
  artifactKey: Guid(ac7de8d56b0151142b4c4e9df97cd7ec) Importer(815301076,1909f56bfc062723c751e8b465ee728b)
Start importing Assets/CannulaMovement.cs using Guid(ac7de8d56b0151142b4c4e9df97cd7ec) Importer(815301076,1909f56bfc062723c751e8b465ee728b)  -> (artifact id: 'bc00b5e4170c4623ff6ced3b62f89aa6') in 0.005346 seconds
  Import took 0.010711 seconds .

========================================================================
Received Import Request.
  Time since last request: 3.472953 seconds.
  path: Assets/CannulaMovement.cs
  artifactKey: Guid(ac7de8d56b0151142b4c4e9df97cd7ec) Importer(815301076,1909f56bfc062723c751e8b465ee728b)
Start importing Assets/CannulaMovement.cs using Guid(ac7de8d56b0151142b4c4e9df97cd7ec) Importer(815301076,1909f56bfc062723c751e8b465ee728b)  -> (artifact id: 'bc00b5e4170c4623ff6ced3b62f89aa6') in 0.002486 seconds
  Import took 0.007734 seconds .

========================================================================
Received Prepare
Registering precompiled user dll's ...
Registered in 0.001484 seconds.
Begin MonoManager ReloadAssembly
Native extension for WindowsStandalone target not found
Refreshing native plugins compatible for Editor in 0.51 ms, found 0 plugins.
Preloading 0 native plugins for Editor in 0.00 ms.
Invoked RoslynAnalysisRunner static constructor.
RoslynAnalysisRunner will not be running.
RoslynAnalysisRunner has terminated.
Mono: successfully reloaded assembly
- Completed reload, in  1.050 seconds
Platform modules already initialized, skipping
Refreshing native plugins compatible for Editor in 0.52 ms, found 0 plugins.
Preloading 0 native plugins for Editor in 0.00 ms.
Unloading 3212 Unused Serialized files (Serialized files now loaded: 0)
System memory in use before: 169.9 MB.
System memory in use after: 167.6 MB.

Unloading 33 unused Assets to reduce memory usage. Loaded Objects now: 4080.
Total: 5.722100 ms (FindLiveObjects: 0.567100 ms CreateObjectMapping: 0.286400 ms MarkObjects: 2.632700 ms  DeleteObjects: 2.234200 ms)

========================================================================
Received Prepare
Registering precompiled user dll's ...
Registered in 0.001334 seconds.
Begin MonoManager ReloadAssembly
Native extension for WindowsStandalone target not found
Refreshing native plugins compatible for Editor in 0.56 ms, found 0 plugins.
Preloading 0 native plugins for Editor in 0.00 ms.
Invoked RoslynAnalysisRunner static constructor.
RoslynAnalysisRunner will not be running.
RoslynAnalysisRunner has terminated.
Mono: successfully reloaded assembly
- Completed reload, in  0.904 seconds
Platform modules already initialized, skipping
Refreshing native plugins compatible for Editor in 0.55 ms, found 0 plugins.
Preloading 0 native plugins for Editor in 0.00 ms.
Unloading 3212 Unused Serialized files (Serialized files now loaded: 0)
System memory in use before: 169.8 MB.
System memory in use after: 167.5 MB.

Unloading 33 unused Assets to reduce memory usage. Loaded Objects now: 4082.
Total: 4.429300 ms (FindLiveObjects: 0.362400 ms CreateObjectMapping: 0.191300 ms MarkObjects: 1.952200 ms  DeleteObjects: 1.922000 ms)

AssetImportWorkerClient::OnTransportError - code=2 error=End of file
