Using pre-set license
Built from '2020.2/release' branch; Version is '2020.2.1f1 (270dd8c3da1c) revision 2559448'; Using compiler version '192528614'; Build Type 'Release'
OS: 'Windows 10  (10.0.0) 64bit' Language: 'en' Physical Memory: 16337 MB
BatchMode: 1, IsHumanControllingUs: 0, StartBugReporterOnCrash: 0, Is64bit: 1, IsPro: 0

 COMMAND LINE ARGUMENTS:
C:\Program Files\Unity\Hub\Editor\2020.2.1f1\Editor\Unity.exe
-adb2
-batchMode
-noUpm
-name
AssetImportWorker0
-projectPath
C:/Users/khalil/Desktop/CannulaTracker-Checkpointing
-logFile
Logs/AssetImportWorker0.log
-srvPort
49728
Successfully changed project path to: C:/Users/khalil/Desktop/CannulaTracker-Checkpointing
C:/Users/khalil/Desktop/CannulaTracker-Checkpointing
Using Asset Import Pipeline V2.
Refreshing native plugins compatible for Editor in 59.69 ms, found 0 plugins.
Preloading 0 native plugins for Editor in 0.00 ms.
Initialize engine version: 2020.2.1f1 (270dd8c3da1c)
[Subsystems] Discovering subsystems at path C:/Program Files/Unity/Hub/Editor/2020.2.1f1/Editor/Data/Resources/UnitySubsystems
[Subsystems] Discovering subsystems at path C:/Users/khalil/Desktop/CannulaTracker-Checkpointing/Assets
GfxDevice: creating device client; threaded=0
Direct3D:
    Version:  Direct3D 11.0 [level 11.1]
    Renderer: NVIDIA GeForce GTX 1060 6GB (ID=0x1c03)
    Vendor:   
    VRAM:     6052 MB
    Driver:   27.21.14.6089
Initialize mono
Mono path[0] = 'C:/Program Files/Unity/Hub/Editor/2020.2.1f1/Editor/Data/Managed'
Mono path[1] = 'C:/Program Files/Unity/Hub/Editor/2020.2.1f1/Editor/Data/MonoBleedingEdge/lib/mono/unityjit'
Mono config path = 'C:/Program Files/Unity/Hub/Editor/2020.2.1f1/Editor/Data/MonoBleedingEdge/etc'
Using monoOptions --debugger-agent=transport=dt_socket,embedding=1,server=y,suspend=n,address=127.0.0.1:56540
Begin MonoManager ReloadAssembly
Registering precompiled unity dll's ...
Register platform support module: C:/Program Files/Unity/Hub/Editor/2020.2.1f1/Editor/Data/PlaybackEngines/WindowsStandaloneSupport/UnityEditor.WindowsStandalone.Extensions.dll
Registered in 0.001658 seconds.
Native extension for WindowsStandalone target not found
Refreshing native plugins compatible for Editor in 63.33 ms, found 0 plugins.
Preloading 0 native plugins for Editor in 0.00 ms.
Invoked RoslynAnalysisRunner static constructor.
RoslynAnalysisRunner will not be running.
RoslynAnalysisRunner has terminated.
Mono: successfully reloaded assembly
- Completed reload, in  0.983 seconds
Platform modules already initialized, skipping
Registering precompiled user dll's ...
Registered in 0.001458 seconds.
Begin MonoManager ReloadAssembly
Native extension for WindowsStandalone target not found
Refreshing native plugins compatible for Editor in 62.09 ms, found 0 plugins.
Preloading 0 native plugins for Editor in 0.00 ms.
Invoked RoslynAnalysisRunner static constructor.
RoslynAnalysisRunner will not be running.
RoslynAnalysisRunner has terminated.
Mono: successfully reloaded assembly
- Completed reload, in  1.028 seconds
Platform modules already initialized, skipping
========================================================================
Worker process is ready to serve import requests
Launched and connected shader compiler UnityShaderCompiler.exe after 0.04 seconds
Refreshing native plugins compatible for Editor in 0.50 ms, found 0 plugins.
Preloading 0 native plugins for Editor in 0.00 ms.
Unloading 3463 Unused Serialized files (Serialized files now loaded: 0)
System memory in use before: 168.4 MB.
System memory in use after: 165.7 MB.

Unloading 44 unused Assets to reduce memory usage. Loaded Objects now: 3889.
Total: 4.001800 ms (FindLiveObjects: 0.357800 ms CreateObjectMapping: 0.230400 ms MarkObjects: 1.731100 ms  DeleteObjects: 1.681400 ms)

========================================================================
Received Import Request.
  path: Assets/CannulaMovement.cs
  artifactKey: Guid(ac7de8d56b0151142b4c4e9df97cd7ec) Importer(815301076,1909f56bfc062723c751e8b465ee728b)
Start importing Assets/CannulaMovement.cs using Guid(ac7de8d56b0151142b4c4e9df97cd7ec) Importer(815301076,1909f56bfc062723c751e8b465ee728b)  -> (artifact id: '7883aa6eb749df8bbb204169a5d666b0') in 0.027767 seconds
  Import took 0.032770 seconds .

========================================================================
Received Import Request.
  Time since last request: 344.449987 seconds.
  path: Assets/CannulaMovement.cs
  artifactKey: Guid(ac7de8d56b0151142b4c4e9df97cd7ec) Importer(815301076,1909f56bfc062723c751e8b465ee728b)
Start importing Assets/CannulaMovement.cs using Guid(ac7de8d56b0151142b4c4e9df97cd7ec) Importer(815301076,1909f56bfc062723c751e8b465ee728b)  -> (artifact id: 'ea4a8ac60ecf8615721f4354f883c208') in 0.004161 seconds
  Import took 0.010346 seconds .

========================================================================
Received Import Request.
  Time since last request: 0.000698 seconds.
  path: Assets/CannulaMovement.cs
  artifactKey: Guid(ac7de8d56b0151142b4c4e9df97cd7ec) Importer(815301076,1909f56bfc062723c751e8b465ee728b)
Start importing Assets/CannulaMovement.cs using Guid(ac7de8d56b0151142b4c4e9df97cd7ec) Importer(815301076,1909f56bfc062723c751e8b465ee728b)  -> (artifact id: 'ea4a8ac60ecf8615721f4354f883c208') in 0.003001 seconds
  Import took 0.008914 seconds .

========================================================================
Received Prepare
Registering precompiled user dll's ...
Registered in 0.001392 seconds.
Begin MonoManager ReloadAssembly
Native extension for WindowsStandalone target not found
Refreshing native plugins compatible for Editor in 0.51 ms, found 0 plugins.
Preloading 0 native plugins for Editor in 0.00 ms.
Invoked RoslynAnalysisRunner static constructor.
RoslynAnalysisRunner will not be running.
RoslynAnalysisRunner has terminated.
Mono: successfully reloaded assembly
- Completed reload, in  0.967 seconds
Platform modules already initialized, skipping
Refreshing native plugins compatible for Editor in 0.87 ms, found 0 plugins.
Preloading 0 native plugins for Editor in 0.00 ms.
Unloading 3219 Unused Serialized files (Serialized files now loaded: 0)
System memory in use before: 159.4 MB.
System memory in use after: 156.7 MB.

Unloading 39 unused Assets to reduce memory usage. Loaded Objects now: 3891.
Total: 4.112100 ms (FindLiveObjects: 0.358200 ms CreateObjectMapping: 0.198800 ms MarkObjects: 1.807600 ms  DeleteObjects: 1.746200 ms)

========================================================================
Received Prepare
Registering precompiled user dll's ...
Registered in 0.001390 seconds.
Begin MonoManager ReloadAssembly
Native extension for WindowsStandalone target not found
Refreshing native plugins compatible for Editor in 0.49 ms, found 0 plugins.
Preloading 0 native plugins for Editor in 0.00 ms.
Invoked RoslynAnalysisRunner static constructor.
RoslynAnalysisRunner will not be running.
RoslynAnalysisRunner has terminated.
Mono: successfully reloaded assembly
- Completed reload, in  0.907 seconds
Platform modules already initialized, skipping
Refreshing native plugins compatible for Editor in 0.53 ms, found 0 plugins.
Preloading 0 native plugins for Editor in 0.00 ms.
Unloading 3219 Unused Serialized files (Serialized files now loaded: 0)
System memory in use before: 159.4 MB.
System memory in use after: 156.8 MB.

Unloading 39 unused Assets to reduce memory usage. Loaded Objects now: 3893.
Total: 3.888100 ms (FindLiveObjects: 0.289500 ms CreateObjectMapping: 0.152800 ms MarkObjects: 1.650000 ms  DeleteObjects: 1.795100 ms)

========================================================================
Received Import Request.
  Time since last request: 3001.554307 seconds.
  path: Assets/CannulaMovement.cs
  artifactKey: Guid(ac7de8d56b0151142b4c4e9df97cd7ec) Importer(815301076,1909f56bfc062723c751e8b465ee728b)
Start importing Assets/CannulaMovement.cs using Guid(ac7de8d56b0151142b4c4e9df97cd7ec) Importer(815301076,1909f56bfc062723c751e8b465ee728b)  -> (artifact id: '8c8fd21518976e223046d2c7f6c1d0bc') in 0.005344 seconds
  Import took 0.010025 seconds .

========================================================================
Received Import Request.
  Time since last request: 28.378827 seconds.
  path: Assets/KeyBoardMovementTest.cs
  artifactKey: Guid(dac961b4ca030bf45ac07fab70225701) Importer(815301076,1909f56bfc062723c751e8b465ee728b)
Start importing Assets/KeyBoardMovementTest.cs using Guid(dac961b4ca030bf45ac07fab70225701) Importer(815301076,1909f56bfc062723c751e8b465ee728b)  -> (artifact id: 'd1e34b8fe146cf63fd35a047bbf25313') in 0.007606 seconds
  Import took 0.014184 seconds .

========================================================================
Received Import Request.
  Time since last request: 0.007320 seconds.
  path: Assets/KeyBoardMovementTest.cs
  artifactKey: Guid(dac961b4ca030bf45ac07fab70225701) Importer(815301076,1909f56bfc062723c751e8b465ee728b)
Start importing Assets/KeyBoardMovementTest.cs using Guid(dac961b4ca030bf45ac07fab70225701) Importer(815301076,1909f56bfc062723c751e8b465ee728b)  -> (artifact id: 'd1e34b8fe146cf63fd35a047bbf25313') in 0.003059 seconds
  Import took 0.010043 seconds .

========================================================================
Received Import Request.
  Time since last request: 2.989110 seconds.
  path: Assets/RandomChange.cs
  artifactKey: Guid(f5ede40122ac82747a80f968a4e34cce) Importer(815301076,1909f56bfc062723c751e8b465ee728b)
Start importing Assets/RandomChange.cs using Guid(f5ede40122ac82747a80f968a4e34cce) Importer(815301076,1909f56bfc062723c751e8b465ee728b)  -> (artifact id: '4e5dcdf2628fc9ccd8c70716f920c875') in 0.008730 seconds
  Import took 0.015532 seconds .

========================================================================
Received Import Request.
  Time since last request: 0.001027 seconds.
  path: Assets/RandomChange.cs
  artifactKey: Guid(f5ede40122ac82747a80f968a4e34cce) Importer(815301076,1909f56bfc062723c751e8b465ee728b)
Start importing Assets/RandomChange.cs using Guid(f5ede40122ac82747a80f968a4e34cce) Importer(815301076,1909f56bfc062723c751e8b465ee728b)  -> (artifact id: '4e5dcdf2628fc9ccd8c70716f920c875') in 0.003182 seconds
  Import took 0.008730 seconds .

========================================================================
Received Prepare
Registering precompiled user dll's ...
Registered in 0.001382 seconds.
Begin MonoManager ReloadAssembly
Native extension for WindowsStandalone target not found
Refreshing native plugins compatible for Editor in 0.57 ms, found 0 plugins.
Preloading 0 native plugins for Editor in 0.00 ms.
Invoked RoslynAnalysisRunner static constructor.
RoslynAnalysisRunner will not be running.
RoslynAnalysisRunner has terminated.
Mono: successfully reloaded assembly
- Completed reload, in  1.005 seconds
Platform modules already initialized, skipping
Refreshing native plugins compatible for Editor in 0.49 ms, found 0 plugins.
Preloading 0 native plugins for Editor in 0.00 ms.
Unloading 3218 Unused Serialized files (Serialized files now loaded: 0)
System memory in use before: 159.4 MB.
System memory in use after: 156.8 MB.

Unloading 40 unused Assets to reduce memory usage. Loaded Objects now: 3894.
Total: 3.982900 ms (FindLiveObjects: 0.321700 ms CreateObjectMapping: 0.182300 ms MarkObjects: 1.641200 ms  DeleteObjects: 1.836300 ms)

========================================================================
Received Import Request.
  Time since last request: 11.306489 seconds.
  path: Assets/PositionCheckpoint.cs
  artifactKey: Guid(32ca9bc3fbeb63f458ceb3595000f220) Importer(815301076,1909f56bfc062723c751e8b465ee728b)
Start importing Assets/PositionCheckpoint.cs using Guid(32ca9bc3fbeb63f458ceb3595000f220) Importer(815301076,1909f56bfc062723c751e8b465ee728b)  -> (artifact id: 'd0ef2788019a36550322049745f5f2ef') in 0.009808 seconds
  Import took 0.015182 seconds .

========================================================================
Received Import Request.
  Time since last request: 0.014745 seconds.
  path: Assets/PositionCheckpoint.cs
  artifactKey: Guid(32ca9bc3fbeb63f458ceb3595000f220) Importer(815301076,1909f56bfc062723c751e8b465ee728b)
Start importing Assets/PositionCheckpoint.cs using Guid(32ca9bc3fbeb63f458ceb3595000f220) Importer(815301076,1909f56bfc062723c751e8b465ee728b)  -> (artifact id: 'd0ef2788019a36550322049745f5f2ef') in 0.003300 seconds
  Import took 0.008001 seconds .

========================================================================
Received Prepare
Registering precompiled user dll's ...
Registered in 0.001385 seconds.
Begin MonoManager ReloadAssembly
Native extension for WindowsStandalone target not found
Refreshing native plugins compatible for Editor in 0.50 ms, found 0 plugins.
Preloading 0 native plugins for Editor in 0.00 ms.
Invoked RoslynAnalysisRunner static constructor.
RoslynAnalysisRunner will not be running.
RoslynAnalysisRunner has terminated.
Mono: successfully reloaded assembly
- Completed reload, in  0.938 seconds
Platform modules already initialized, skipping
Refreshing native plugins compatible for Editor in 0.51 ms, found 0 plugins.
Preloading 0 native plugins for Editor in 0.00 ms.
Unloading 3218 Unused Serialized files (Serialized files now loaded: 0)
System memory in use before: 159.5 MB.
System memory in use after: 156.8 MB.

Unloading 39 unused Assets to reduce memory usage. Loaded Objects now: 3896.
Total: 4.404500 ms (FindLiveObjects: 0.409600 ms CreateObjectMapping: 0.237800 ms MarkObjects: 1.802400 ms  DeleteObjects: 1.953400 ms)

========================================================================
Received Prepare
Registering precompiled user dll's ...
Registered in 0.001390 seconds.
Begin MonoManager ReloadAssembly
Native extension for WindowsStandalone target not found
Refreshing native plugins compatible for Editor in 0.60 ms, found 0 plugins.
Preloading 0 native plugins for Editor in 0.00 ms.
Invoked RoslynAnalysisRunner static constructor.
RoslynAnalysisRunner will not be running.
RoslynAnalysisRunner has terminated.
Mono: successfully reloaded assembly
- Completed reload, in  0.838 seconds
Platform modules already initialized, skipping
Refreshing native plugins compatible for Editor in 0.49 ms, found 0 plugins.
Preloading 0 native plugins for Editor in 0.00 ms.
Unloading 3218 Unused Serialized files (Serialized files now loaded: 0)
System memory in use before: 159.4 MB.
System memory in use after: 156.8 MB.

Unloading 39 unused Assets to reduce memory usage. Loaded Objects now: 3898.
Total: 4.256000 ms (FindLiveObjects: 0.320700 ms CreateObjectMapping: 0.177700 ms MarkObjects: 1.762500 ms  DeleteObjects: 1.994100 ms)

AssetImportWorkerClient::OnTransportError - code=2 error=End of file
